[2025-07-20 19:02:09Z INFO HostContext] No proxy settings were found based on environmental variables (http_proxy/https_proxy/HTTP_PROXY/HTTPS_PROXY)
[2025-07-20 19:02:09Z INFO HostContext] Well known directory 'Bin': '/home/user/Youtube-Comments-Sentiment-Analysis/actions-runner/bin'
[2025-07-20 19:02:09Z INFO HostContext] Well known directory 'Root': '/home/user/Youtube-Comments-Sentiment-Analysis/actions-runner'
[2025-07-20 19:02:09Z INFO HostContext] Well known config file 'Credentials': '/home/user/Youtube-Comments-Sentiment-Analysis/actions-runner/.credentials'
[2025-07-20 19:02:09Z INFO HostContext] Well known directory 'Bin': '/home/user/Youtube-Comments-Sentiment-Analysis/actions-runner/bin'
[2025-07-20 19:02:09Z INFO HostContext] Well known directory 'Root': '/home/user/Youtube-Comments-Sentiment-Analysis/actions-runner'
[2025-07-20 19:02:09Z INFO HostContext] Well known config file 'Runner': '/home/user/Youtube-Comments-Sentiment-Analysis/actions-runner/.runner'
[2025-07-20 19:02:09Z INFO Listener] Runner is built for Linux (X64) - linux-x64.
[2025-07-20 19:02:09Z INFO Listener] RuntimeInformation: Ubuntu 24.04.1 LTS.
[2025-07-20 19:02:09Z INFO Listener] Version: 2.326.0
[2025-07-20 19:02:09Z INFO Listener] Commit: de0233c4d64676d8ebd16074221ae1e0e0bf2a13
[2025-07-20 19:02:09Z INFO Listener] Culture: 
[2025-07-20 19:02:09Z INFO Listener] UI Culture: 
[2025-07-20 19:02:09Z INFO HostContext] Well known directory 'Bin': '/home/user/Youtube-Comments-Sentiment-Analysis/actions-runner/bin'
[2025-07-20 19:02:09Z INFO HostContext] Well known directory 'Root': '/home/user/Youtube-Comments-Sentiment-Analysis/actions-runner'
[2025-07-20 19:02:09Z INFO Listener] Validating directory permissions for: '/home/user/Youtube-Comments-Sentiment-Analysis/actions-runner'
[2025-07-20 19:02:09Z INFO CommandLineParser] Parse
[2025-07-20 19:02:09Z INFO CommandLineParser] Parsing 1 args
[2025-07-20 19:02:09Z INFO CommandLineParser] parsing argument
[2025-07-20 19:02:09Z INFO CommandLineParser] HasArgs: False
[2025-07-20 19:02:09Z INFO CommandLineParser] Adding Command: run
[2025-07-20 19:02:09Z INFO Listener] Arguments parsed
[2025-07-20 19:02:09Z INFO Runner] ExecuteCommand
[2025-07-20 19:02:09Z INFO ConfigurationStore] currentAssemblyLocation: /home/user/Youtube-Comments-Sentiment-Analysis/actions-runner/bin/Runner.Listener.dll
[2025-07-20 19:02:09Z INFO HostContext] Well known directory 'Bin': '/home/user/Youtube-Comments-Sentiment-Analysis/actions-runner/bin'
[2025-07-20 19:02:09Z INFO ConfigurationStore] binPath: /home/user/Youtube-Comments-Sentiment-Analysis/actions-runner/bin
[2025-07-20 19:02:09Z INFO HostContext] Well known directory 'Bin': '/home/user/Youtube-Comments-Sentiment-Analysis/actions-runner/bin'
[2025-07-20 19:02:09Z INFO HostContext] Well known directory 'Root': '/home/user/Youtube-Comments-Sentiment-Analysis/actions-runner'
[2025-07-20 19:02:09Z INFO ConfigurationStore] RootFolder: /home/user/Youtube-Comments-Sentiment-Analysis/actions-runner
[2025-07-20 19:02:09Z INFO HostContext] Well known directory 'Bin': '/home/user/Youtube-Comments-Sentiment-Analysis/actions-runner/bin'
[2025-07-20 19:02:09Z INFO HostContext] Well known directory 'Root': '/home/user/Youtube-Comments-Sentiment-Analysis/actions-runner'
[2025-07-20 19:02:09Z INFO HostContext] Well known config file 'Runner': '/home/user/Youtube-Comments-Sentiment-Analysis/actions-runner/.runner'
[2025-07-20 19:02:09Z INFO ConfigurationStore] ConfigFilePath: /home/user/Youtube-Comments-Sentiment-Analysis/actions-runner/.runner
[2025-07-20 19:02:09Z INFO HostContext] Well known directory 'Bin': '/home/user/Youtube-Comments-Sentiment-Analysis/actions-runner/bin'
[2025-07-20 19:02:09Z INFO HostContext] Well known directory 'Root': '/home/user/Youtube-Comments-Sentiment-Analysis/actions-runner'
[2025-07-20 19:02:09Z INFO HostContext] Well known config file 'MigratedRunner': '/home/user/Youtube-Comments-Sentiment-Analysis/actions-runner/.runner_migrated'
[2025-07-20 19:02:09Z INFO ConfigurationStore] MigratedConfigFilePath: /home/user/Youtube-Comments-Sentiment-Analysis/actions-runner/.runner_migrated
[2025-07-20 19:02:09Z INFO HostContext] Well known directory 'Bin': '/home/user/Youtube-Comments-Sentiment-Analysis/actions-runner/bin'
[2025-07-20 19:02:09Z INFO HostContext] Well known directory 'Root': '/home/user/Youtube-Comments-Sentiment-Analysis/actions-runner'
[2025-07-20 19:02:09Z INFO HostContext] Well known config file 'Credentials': '/home/user/Youtube-Comments-Sentiment-Analysis/actions-runner/.credentials'
[2025-07-20 19:02:09Z INFO ConfigurationStore] CredFilePath: /home/user/Youtube-Comments-Sentiment-Analysis/actions-runner/.credentials
[2025-07-20 19:02:09Z INFO HostContext] Well known directory 'Bin': '/home/user/Youtube-Comments-Sentiment-Analysis/actions-runner/bin'
[2025-07-20 19:02:09Z INFO HostContext] Well known directory 'Root': '/home/user/Youtube-Comments-Sentiment-Analysis/actions-runner'
[2025-07-20 19:02:09Z INFO HostContext] Well known config file 'MigratedCredentials': '/home/user/Youtube-Comments-Sentiment-Analysis/actions-runner/.credentials_migrated'
[2025-07-20 19:02:09Z INFO ConfigurationStore] MigratedCredFilePath: /home/user/Youtube-Comments-Sentiment-Analysis/actions-runner/.credentials_migrated
[2025-07-20 19:02:09Z INFO HostContext] Well known directory 'Bin': '/home/user/Youtube-Comments-Sentiment-Analysis/actions-runner/bin'
[2025-07-20 19:02:09Z INFO HostContext] Well known directory 'Root': '/home/user/Youtube-Comments-Sentiment-Analysis/actions-runner'
[2025-07-20 19:02:09Z INFO HostContext] Well known config file 'Service': '/home/user/Youtube-Comments-Sentiment-Analysis/actions-runner/.service'
[2025-07-20 19:02:09Z INFO ConfigurationStore] ServiceConfigFilePath: /home/user/Youtube-Comments-Sentiment-Analysis/actions-runner/.service
[2025-07-20 19:02:09Z INFO CommandSettings] Flag 'help': 'False'
[2025-07-20 19:02:09Z INFO CommandSettings] Flag 'version': 'False'
[2025-07-20 19:02:09Z INFO CommandSettings] Flag 'commit': 'False'
[2025-07-20 19:02:09Z INFO CommandSettings] Flag 'check': 'False'
[2025-07-20 19:02:09Z INFO CommandSettings] Command 'configure': 'False'
[2025-07-20 19:02:09Z INFO CommandSettings] Command 'remove': 'False'
[2025-07-20 19:02:09Z INFO CommandSettings] Command 'warmup': 'False'
[2025-07-20 19:02:09Z INFO ConfigurationManager] LoadSettings
[2025-07-20 19:02:09Z INFO ConfigurationStore] IsConfigured()
[2025-07-20 19:02:09Z INFO ConfigurationStore] IsConfigured: True
[2025-07-20 19:02:09Z INFO ConfigurationManager] Is configured: True
[2025-07-20 19:02:09Z INFO ConfigurationStore] Read setting file: 409 chars
[2025-07-20 19:02:09Z INFO ConfigurationManager] Settings Loaded
[2025-07-20 19:02:09Z INFO ConfigurationStore] IsServiceConfigured()
[2025-07-20 19:02:09Z INFO ConfigurationStore] IsServiceConfigured: False
[2025-07-20 19:02:09Z INFO CommandSettings] Command 'run': 'True'
[2025-07-20 19:02:09Z INFO ConfigurationStore] IsConfigured()
[2025-07-20 19:02:09Z INFO ConfigurationStore] IsConfigured: True
[2025-07-20 19:02:09Z INFO ConfigurationManager] Is configured: True
[2025-07-20 19:02:09Z INFO Runner] Could not parse the argument value '' for StartupType. Defaulting to Manual
[2025-07-20 19:02:09Z INFO Runner] Set runner startup type - Manual
[2025-07-20 19:02:09Z INFO CommandSettings] Flag 'once': 'False'
[2025-07-20 19:02:09Z INFO CommandSettings] Flag 'once': 'False'
[2025-07-20 19:02:09Z INFO Runner] RunAsync
[2025-07-20 19:02:09Z INFO ConfigurationManager] LoadMigratedSettings
[2025-07-20 19:02:09Z INFO ConfigurationStore] IsMigratedConfigured()
[2025-07-20 19:02:09Z INFO ConfigurationStore] IsMigratedConfigured: False
[2025-07-20 19:02:09Z INFO Runner] Failed to load migrated settings: No migrated configuration found.
[2025-07-20 19:02:09Z INFO Runner] Falling back to original .runner settings
[2025-07-20 19:02:09Z INFO Runner] Using BrokerMessageListener
[2025-07-20 19:02:09Z INFO BrokerMessageListener] Using provided settings
[2025-07-20 19:02:09Z INFO BrokerMessageListener] {
  "AgentId": 2,
  "AgentName": "self-hosted",
  "PoolId": 1,
  "PoolName": "Default",
  "ServerUrl": "https://pipelinesghubeus5.actions.githubusercontent.com/ZaQOzcZ6BZBYtaZwZLIPTdVzxUMBqlQV3OZZX9AjjugdDgAX3A/",
  "GitHubUrl": "https://github.com/spha-code/YouTube-Comments-Sentiment-Analysis",
  "WorkFolder": "_work",
  "UseV2Flow": true,
  "ServerUrlV2": "https://broker.actions.githubusercontent.com/"
}
[2025-07-20 19:02:09Z INFO BrokerMessageListener] Loading Credentials
[2025-07-20 19:02:09Z INFO ConfigurationStore] HasCredentials()
[2025-07-20 19:02:09Z INFO ConfigurationStore] stored True
[2025-07-20 19:02:09Z INFO CredentialManager] GetCredentialProvider
[2025-07-20 19:02:09Z INFO CredentialManager] Creating type OAuth
[2025-07-20 19:02:09Z INFO CredentialManager] Creating credential type: OAuth
[2025-07-20 19:02:09Z INFO HostContext] Well known directory 'Bin': '/home/user/Youtube-Comments-Sentiment-Analysis/actions-runner/bin'
[2025-07-20 19:02:09Z INFO HostContext] Well known directory 'Root': '/home/user/Youtube-Comments-Sentiment-Analysis/actions-runner'
[2025-07-20 19:02:09Z INFO HostContext] Well known config file 'RSACredentials': '/home/user/Youtube-Comments-Sentiment-Analysis/actions-runner/.credentials_rsaparams'
[2025-07-20 19:02:09Z INFO RSAFileKeyManager] Loading RSA key parameters from file /home/user/Youtube-Comments-Sentiment-Analysis/actions-runner/.credentials_rsaparams
[2025-07-20 19:02:09Z INFO BrokerMessageListener] Attempt to create session.
[2025-07-20 19:02:09Z INFO BrokerMessageListener] Connecting to the Broker Server...
[2025-07-20 19:02:09Z INFO ConfigurationStore] HasCredentials()
[2025-07-20 19:02:09Z INFO ConfigurationStore] stored True
[2025-07-20 19:02:09Z INFO CredentialManager] GetCredentialProvider
[2025-07-20 19:02:09Z INFO CredentialManager] Creating type OAuth
[2025-07-20 19:02:09Z INFO CredentialManager] Creating credential type: OAuth
[2025-07-20 19:02:09Z INFO RSAFileKeyManager] Loading RSA key parameters from file /home/user/Youtube-Comments-Sentiment-Analysis/actions-runner/.credentials_rsaparams
[2025-07-20 19:02:09Z INFO BrokerMessageListener] VssConnection created
[2025-07-20 19:02:09Z INFO BrokerMessageListener] Connecting to the Runner server...
[2025-07-20 19:02:09Z INFO RunnerServer] EstablishVssConnection
[2025-07-20 19:02:09Z INFO RunnerServer] Establish connection with 100 seconds timeout.
[2025-07-20 19:02:09Z INFO GitHubActionsService] Starting operation Location.GetConnectionData
[2025-07-20 19:02:09Z INFO RunnerServer] EstablishVssConnection
[2025-07-20 19:02:09Z INFO RunnerServer] Establish connection with 60 seconds timeout.
[2025-07-20 19:02:09Z INFO GitHubActionsService] Starting operation Location.GetConnectionData
[2025-07-20 19:02:09Z INFO RunnerServer] EstablishVssConnection
[2025-07-20 19:02:09Z INFO RunnerServer] Establish connection with 60 seconds timeout.
[2025-07-20 19:02:09Z INFO GitHubActionsService] Starting operation Location.GetConnectionData
[2025-07-20 19:02:10Z INFO GitHubActionsService] Finished operation Location.GetConnectionData
[2025-07-20 19:02:10Z INFO GitHubActionsService] Finished operation Location.GetConnectionData
[2025-07-20 19:02:10Z INFO GitHubActionsService] Finished operation Location.GetConnectionData
[2025-07-20 19:02:10Z INFO BrokerMessageListener] VssConnection created
[2025-07-20 19:02:10Z INFO Terminal] WRITE LINE: 
[2025-07-20 19:02:10Z INFO Terminal] WRITE LINE: 
[2025-07-20 19:02:10Z INFO RSAFileKeyManager] Loading RSA key parameters from file /home/user/Youtube-Comments-Sentiment-Analysis/actions-runner/.credentials_rsaparams
[2025-07-20 19:02:10Z INFO RSAFileKeyManager] Loading RSA key parameters from file /home/user/Youtube-Comments-Sentiment-Analysis/actions-runner/.credentials_rsaparams
[2025-07-20 19:02:11Z INFO GitHubActionsService] AAD Correlation ID for this token request: Unknown
[2025-07-20 19:02:11Z INFO BrokerMessageListener] Session created.
[2025-07-20 19:02:11Z INFO Terminal] WRITE LINE: Current runner version: '2.326.0'
[2025-07-20 19:02:11Z INFO Terminal] WRITE LINE: 2025-07-20 19:02:11Z: Listening for Jobs
[2025-07-20 19:02:11Z INFO JobDispatcher] Set runner/worker IPC timeout to 30 seconds.
[2025-07-20 19:52:20Z INFO RSAFileKeyManager] Loading RSA key parameters from file /home/user/Youtube-Comments-Sentiment-Analysis/actions-runner/.credentials_rsaparams
[2025-07-20 19:52:21Z INFO GitHubActionsService] AAD Correlation ID for this token request: Unknown
