[2025-07-20 19:00:55Z INFO HostContext] No proxy settings were found based on environmental variables (http_proxy/https_proxy/HTTP_PROXY/HTTPS_PROXY)
[2025-07-20 19:00:55Z INFO HostContext] Well known directory 'Bin': '/home/user/Youtube-Comments-Sentiment-Analysis/actions-runner/bin'
[2025-07-20 19:00:55Z INFO HostContext] Well known directory 'Root': '/home/user/Youtube-Comments-Sentiment-Analysis/actions-runner'
[2025-07-20 19:00:55Z INFO HostContext] Well known config file 'Credentials': '/home/user/Youtube-Comments-Sentiment-Analysis/actions-runner/.credentials'
[2025-07-20 19:00:55Z INFO HostContext] Well known directory 'Bin': '/home/user/Youtube-Comments-Sentiment-Analysis/actions-runner/bin'
[2025-07-20 19:00:55Z INFO HostContext] Well known directory 'Root': '/home/user/Youtube-Comments-Sentiment-Analysis/actions-runner'
[2025-07-20 19:00:55Z INFO HostContext] Well known config file 'Runner': '/home/user/Youtube-Comments-Sentiment-Analysis/actions-runner/.runner'
[2025-07-20 19:00:55Z INFO Listener] Runner is built for Linux (X64) - linux-x64.
[2025-07-20 19:00:55Z INFO Listener] RuntimeInformation: Ubuntu 24.04.1 LTS.
[2025-07-20 19:00:55Z INFO Listener] Version: 2.326.0
[2025-07-20 19:00:55Z INFO Listener] Commit: de0233c4d64676d8ebd16074221ae1e0e0bf2a13
[2025-07-20 19:00:55Z INFO Listener] Culture: 
[2025-07-20 19:00:55Z INFO Listener] UI Culture: 
[2025-07-20 19:00:55Z INFO HostContext] Well known directory 'Bin': '/home/user/Youtube-Comments-Sentiment-Analysis/actions-runner/bin'
[2025-07-20 19:00:55Z INFO HostContext] Well known directory 'Root': '/home/user/Youtube-Comments-Sentiment-Analysis/actions-runner'
[2025-07-20 19:00:55Z INFO Listener] Validating directory permissions for: '/home/user/Youtube-Comments-Sentiment-Analysis/actions-runner'
[2025-07-20 19:00:56Z INFO CommandLineParser] Parse
[2025-07-20 19:00:56Z INFO CommandLineParser] Parsing 5 args
[2025-07-20 19:00:56Z INFO CommandLineParser] parsing argument
[2025-07-20 19:00:56Z INFO CommandLineParser] HasArgs: False
[2025-07-20 19:00:56Z INFO CommandLineParser] Adding Command: configure
[2025-07-20 19:00:56Z INFO CommandLineParser] parsing argument
[2025-07-20 19:00:56Z INFO CommandLineParser] HasArgs: True
[2025-07-20 19:00:56Z INFO CommandLineParser] arg: url
[2025-07-20 19:00:56Z INFO CommandLineParser] parsing argument
[2025-07-20 19:00:56Z INFO CommandLineParser] HasArgs: True
[2025-07-20 19:00:56Z INFO CommandLineParser] Adding option 'url': 'https://github.com/spha-code/YouTube-Comments-Sentiment-Analysis'
[2025-07-20 19:00:56Z INFO CommandLineParser] parsing argument
[2025-07-20 19:00:56Z INFO CommandLineParser] HasArgs: True
[2025-07-20 19:00:56Z INFO CommandLineParser] arg: token
[2025-07-20 19:00:56Z INFO CommandLineParser] parsing argument
[2025-07-20 19:00:56Z INFO CommandLineParser] HasArgs: True
[2025-07-20 19:00:56Z INFO CommandLineParser] Adding option 'token': '***'
[2025-07-20 19:00:56Z INFO Listener] Arguments parsed
[2025-07-20 19:00:56Z INFO Runner] ExecuteCommand
[2025-07-20 19:00:56Z INFO ConfigurationStore] currentAssemblyLocation: /home/user/Youtube-Comments-Sentiment-Analysis/actions-runner/bin/Runner.Listener.dll
[2025-07-20 19:00:56Z INFO HostContext] Well known directory 'Bin': '/home/user/Youtube-Comments-Sentiment-Analysis/actions-runner/bin'
[2025-07-20 19:00:56Z INFO ConfigurationStore] binPath: /home/user/Youtube-Comments-Sentiment-Analysis/actions-runner/bin
[2025-07-20 19:00:56Z INFO HostContext] Well known directory 'Bin': '/home/user/Youtube-Comments-Sentiment-Analysis/actions-runner/bin'
[2025-07-20 19:00:56Z INFO HostContext] Well known directory 'Root': '/home/user/Youtube-Comments-Sentiment-Analysis/actions-runner'
[2025-07-20 19:00:56Z INFO ConfigurationStore] RootFolder: /home/user/Youtube-Comments-Sentiment-Analysis/actions-runner
[2025-07-20 19:00:56Z INFO HostContext] Well known directory 'Bin': '/home/user/Youtube-Comments-Sentiment-Analysis/actions-runner/bin'
[2025-07-20 19:00:56Z INFO HostContext] Well known directory 'Root': '/home/user/Youtube-Comments-Sentiment-Analysis/actions-runner'
[2025-07-20 19:00:56Z INFO HostContext] Well known config file 'Runner': '/home/user/Youtube-Comments-Sentiment-Analysis/actions-runner/.runner'
[2025-07-20 19:00:56Z INFO ConfigurationStore] ConfigFilePath: /home/user/Youtube-Comments-Sentiment-Analysis/actions-runner/.runner
[2025-07-20 19:00:56Z INFO HostContext] Well known directory 'Bin': '/home/user/Youtube-Comments-Sentiment-Analysis/actions-runner/bin'
[2025-07-20 19:00:56Z INFO HostContext] Well known directory 'Root': '/home/user/Youtube-Comments-Sentiment-Analysis/actions-runner'
[2025-07-20 19:00:56Z INFO HostContext] Well known config file 'MigratedRunner': '/home/user/Youtube-Comments-Sentiment-Analysis/actions-runner/.runner_migrated'
[2025-07-20 19:00:56Z INFO ConfigurationStore] MigratedConfigFilePath: /home/user/Youtube-Comments-Sentiment-Analysis/actions-runner/.runner_migrated
[2025-07-20 19:00:56Z INFO HostContext] Well known directory 'Bin': '/home/user/Youtube-Comments-Sentiment-Analysis/actions-runner/bin'
[2025-07-20 19:00:56Z INFO HostContext] Well known directory 'Root': '/home/user/Youtube-Comments-Sentiment-Analysis/actions-runner'
[2025-07-20 19:00:56Z INFO HostContext] Well known config file 'Credentials': '/home/user/Youtube-Comments-Sentiment-Analysis/actions-runner/.credentials'
[2025-07-20 19:00:56Z INFO ConfigurationStore] CredFilePath: /home/user/Youtube-Comments-Sentiment-Analysis/actions-runner/.credentials
[2025-07-20 19:00:56Z INFO HostContext] Well known directory 'Bin': '/home/user/Youtube-Comments-Sentiment-Analysis/actions-runner/bin'
[2025-07-20 19:00:56Z INFO HostContext] Well known directory 'Root': '/home/user/Youtube-Comments-Sentiment-Analysis/actions-runner'
[2025-07-20 19:00:56Z INFO HostContext] Well known config file 'MigratedCredentials': '/home/user/Youtube-Comments-Sentiment-Analysis/actions-runner/.credentials_migrated'
[2025-07-20 19:00:56Z INFO ConfigurationStore] MigratedCredFilePath: /home/user/Youtube-Comments-Sentiment-Analysis/actions-runner/.credentials_migrated
[2025-07-20 19:00:56Z INFO HostContext] Well known directory 'Bin': '/home/user/Youtube-Comments-Sentiment-Analysis/actions-runner/bin'
[2025-07-20 19:00:56Z INFO HostContext] Well known directory 'Root': '/home/user/Youtube-Comments-Sentiment-Analysis/actions-runner'
[2025-07-20 19:00:56Z INFO HostContext] Well known config file 'Service': '/home/user/Youtube-Comments-Sentiment-Analysis/actions-runner/.service'
[2025-07-20 19:00:56Z INFO ConfigurationStore] ServiceConfigFilePath: /home/user/Youtube-Comments-Sentiment-Analysis/actions-runner/.service
[2025-07-20 19:00:56Z INFO CommandSettings] Flag 'help': 'False'
[2025-07-20 19:00:56Z INFO CommandSettings] Flag 'version': 'False'
[2025-07-20 19:00:56Z INFO CommandSettings] Flag 'commit': 'False'
[2025-07-20 19:00:56Z INFO CommandSettings] Flag 'check': 'False'
[2025-07-20 19:00:56Z INFO CommandSettings] Command 'configure': 'True'
[2025-07-20 19:00:56Z INFO Terminal] WRITE LINE: 
[2025-07-20 19:00:56Z INFO Terminal] WRITE LINE: --------------------------------------------------------------------------------
[2025-07-20 19:00:56Z INFO Terminal] WRITE LINE: |        ____ _ _   _   _       _          _        _   _                      |
[2025-07-20 19:00:56Z INFO Terminal] WRITE LINE: |       / ___(_) |_| | | |_   _| |__      / \   ___| |_(_) ___  _ __  ___      |
[2025-07-20 19:00:56Z INFO Terminal] WRITE LINE: |      | |  _| | __| |_| | | | | '_ \    / _ \ / __| __| |/ _ \| '_ \/ __|     |
[2025-07-20 19:00:56Z INFO Terminal] WRITE LINE: |      | |_| | | |_|  _  | |_| | |_) |  / ___ \ (__| |_| | (_) | | | \__ \     |
[2025-07-20 19:00:56Z INFO Terminal] WRITE LINE: |       \____|_|\__|_| |_|\__,_|_.__/  /_/   \_\___|\__|_|\___/|_| |_|___/     |
[2025-07-20 19:00:56Z INFO Terminal] WRITE LINE: |                                                                              |
[2025-07-20 19:00:56Z INFO Terminal] WRITE: |                       
[2025-07-20 19:00:56Z INFO Terminal] WRITE: Self-hosted runner registration
[2025-07-20 19:00:56Z INFO Terminal] WRITE LINE:                         |
[2025-07-20 19:00:56Z INFO Terminal] WRITE LINE: |                                                                              |
[2025-07-20 19:00:56Z INFO Terminal] WRITE LINE: --------------------------------------------------------------------------------
[2025-07-20 19:00:56Z INFO ConfigurationManager] ConfigureAsync
[2025-07-20 19:00:56Z INFO CommandSettings] Flag 'generateServiceConfig': 'False'
[2025-07-20 19:00:56Z INFO ConfigurationStore] IsConfigured()
[2025-07-20 19:00:56Z INFO ConfigurationStore] IsConfigured: False
[2025-07-20 19:00:56Z INFO ConfigurationManager] Is configured: False
[2025-07-20 19:00:56Z INFO CommandSettings] Arg 'url': 'https://github.com/spha-code/YouTube-Comments-Sentiment-Analysis'
[2025-07-20 19:00:56Z INFO CommandSettings] Remove url from Arg dictionary.
[2025-07-20 19:00:56Z INFO CommandSettings] Arg 'token': '***'
[2025-07-20 19:00:56Z INFO CommandSettings] Remove token from Arg dictionary.
[2025-07-20 19:00:59Z INFO ConfigurationManager] Http response code: OK from 'POST https://api.github.com/actions/runner-registration' (7E38:2007F4:44780D:4697AF:687D3CE9)
[2025-07-20 19:00:59Z INFO ConfigurationManager] Using V2 flow: False
[2025-07-20 19:00:59Z INFO ConfigurationManager] cred retrieved via GitHub auth
[2025-07-20 19:00:59Z INFO RunnerServer] EstablishVssConnection
[2025-07-20 19:00:59Z INFO RunnerServer] Establish connection with 100 seconds timeout.
[2025-07-20 19:00:59Z INFO GitHubActionsService] Starting operation Location.GetConnectionData
[2025-07-20 19:00:59Z INFO RunnerServer] EstablishVssConnection
[2025-07-20 19:00:59Z INFO RunnerServer] Establish connection with 60 seconds timeout.
[2025-07-20 19:00:59Z INFO GitHubActionsService] Starting operation Location.GetConnectionData
[2025-07-20 19:00:59Z INFO RunnerServer] EstablishVssConnection
[2025-07-20 19:00:59Z INFO RunnerServer] Establish connection with 60 seconds timeout.
[2025-07-20 19:00:59Z INFO GitHubActionsService] Starting operation Location.GetConnectionData
[2025-07-20 19:01:00Z INFO GitHubActionsService] Finished operation Location.GetConnectionData
[2025-07-20 19:01:00Z INFO GitHubActionsService] Finished operation Location.GetConnectionData
[2025-07-20 19:01:00Z INFO GitHubActionsService] Finished operation Location.GetConnectionData
[2025-07-20 19:01:00Z INFO Terminal] WRITE LINE: 
[2025-07-20 19:01:00Z INFO ConfigurationManager] Test Connection complete.
[2025-07-20 19:01:00Z INFO HostContext] Well known directory 'Bin': '/home/user/Youtube-Comments-Sentiment-Analysis/actions-runner/bin'
[2025-07-20 19:01:00Z INFO HostContext] Well known directory 'Root': '/home/user/Youtube-Comments-Sentiment-Analysis/actions-runner'
[2025-07-20 19:01:00Z INFO HostContext] Well known config file 'RSACredentials': '/home/user/Youtube-Comments-Sentiment-Analysis/actions-runner/.credentials_rsaparams'
[2025-07-20 19:01:00Z INFO RSAFileKeyManager] Creating new RSA key using 2048-bit key length
[2025-07-20 19:01:01Z INFO RSAFileKeyManager] Successfully saved RSA key parameters to file /home/user/Youtube-Comments-Sentiment-Analysis/actions-runner/.credentials_rsaparams
[2025-07-20 19:01:01Z INFO RSAFileKeyManager] Which2: 'chmod'
[2025-07-20 19:01:01Z INFO RSAFileKeyManager] Location: '/usr/bin/chmod'
[2025-07-20 19:01:01Z INFO HostContext] Well known directory 'Bin': '/home/user/Youtube-Comments-Sentiment-Analysis/actions-runner/bin'
[2025-07-20 19:01:01Z INFO HostContext] Well known directory 'Root': '/home/user/Youtube-Comments-Sentiment-Analysis/actions-runner'
[2025-07-20 19:01:01Z INFO ProcessInvokerWrapper] Starting process:
[2025-07-20 19:01:01Z INFO ProcessInvokerWrapper]   File name: '/usr/bin/chmod'
[2025-07-20 19:01:01Z INFO ProcessInvokerWrapper]   Arguments: '600 /home/user/Youtube-Comments-Sentiment-Analysis/actions-runner/.credentials_rsaparams'
[2025-07-20 19:01:01Z INFO ProcessInvokerWrapper]   Working directory: '/home/user/Youtube-Comments-Sentiment-Analysis/actions-runner'
[2025-07-20 19:01:01Z INFO ProcessInvokerWrapper]   Require exit code zero: 'False'
[2025-07-20 19:01:01Z INFO ProcessInvokerWrapper]   Encoding web name:  ; code page: ''
[2025-07-20 19:01:01Z INFO ProcessInvokerWrapper]   Force kill process on cancellation: 'False'
[2025-07-20 19:01:01Z INFO ProcessInvokerWrapper]   Redirected STDIN: 'False'
[2025-07-20 19:01:01Z INFO ProcessInvokerWrapper]   Persist current code page: 'False'
[2025-07-20 19:01:01Z INFO ProcessInvokerWrapper]   Keep redirected STDIN open: 'False'
[2025-07-20 19:01:01Z INFO ProcessInvokerWrapper]   High priority process: 'False'
[2025-07-20 19:01:01Z INFO ProcessInvokerWrapper] Process started with process id 16445, waiting for process exit.
[2025-07-20 19:01:01Z INFO ProcessInvokerWrapper] STDOUT/STDERR stream read finished.
[2025-07-20 19:01:01Z INFO ProcessInvokerWrapper] STDOUT/STDERR stream read finished.
[2025-07-20 19:01:01Z INFO ProcessInvokerWrapper] Finished process 16445 with exit code 0, and elapsed time 00:00:00.0302361.
[2025-07-20 19:01:01Z INFO RSAFileKeyManager] Successfully set permissions for RSA key parameters file /home/user/Youtube-Comments-Sentiment-Analysis/actions-runner/.credentials_rsaparams
[2025-07-20 19:01:01Z INFO CommandSettings] Arg 'runnergroup': ''
[2025-07-20 19:01:01Z INFO CommandSettings] Flag 'unattended': 'False'
[2025-07-20 19:01:01Z INFO PromptManager] ReadValue
[2025-07-20 19:01:01Z INFO Terminal] WRITE: Enter the name of the runner group to add this runner to: 
[2025-07-20 19:01:01Z INFO Terminal] WRITE: [press Enter for Default] 
[2025-07-20 19:01:01Z INFO Terminal] READ LINE
[2025-07-20 19:01:22Z INFO Terminal] Read value: ''
[2025-07-20 19:01:22Z INFO PromptManager] Falling back to the default: 'Default'
[2025-07-20 19:01:22Z INFO Terminal] WRITE LINE: 
[2025-07-20 19:01:22Z INFO ConfigurationManager] Found a self-hosted runner group with id 1 and name Default
[2025-07-20 19:01:22Z INFO CommandSettings] Flag 'disableupdate': 'False'
[2025-07-20 19:01:22Z INFO CommandSettings] Flag 'ephemeral': 'False'
[2025-07-20 19:01:22Z INFO CommandSettings] Arg 'name': ''
[2025-07-20 19:01:22Z INFO CommandSettings] Flag 'unattended': 'False'
[2025-07-20 19:01:22Z INFO PromptManager] ReadValue
[2025-07-20 19:01:22Z INFO Terminal] WRITE: Enter the name of runner: 
[2025-07-20 19:01:22Z INFO Terminal] WRITE: [press Enter for DESKTOP-075D8VG] 
[2025-07-20 19:01:22Z INFO Terminal] READ LINE
[2025-07-20 19:01:29Z INFO Terminal] Read value: 'self-hosted'
[2025-07-20 19:01:29Z INFO Terminal] WRITE LINE: 
[2025-07-20 19:01:29Z INFO CommandSettings] Arg 'labels': ''
[2025-07-20 19:01:29Z INFO CommandSettings] Flag 'unattended': 'False'
[2025-07-20 19:01:29Z INFO PromptManager] ReadValue
[2025-07-20 19:01:29Z INFO Terminal] WRITE: This runner will have the following labels: 'self-hosted', 'Linux', 'X64' 
Enter any additional labels (ex. label-1,label-2): 
[2025-07-20 19:01:29Z INFO Terminal] WRITE: [press Enter to skip] 
[2025-07-20 19:01:29Z INFO Terminal] READ LINE
[2025-07-20 19:01:48Z INFO Terminal] Read value: ''
[2025-07-20 19:01:48Z INFO Terminal] WRITE LINE: 
[2025-07-20 19:01:48Z INFO CommandSettings] Flag 'disableupdate': 'False'
[2025-07-20 19:01:48Z INFO CommandSettings] Flag 'no-default-labels': 'False'
[2025-07-20 19:01:48Z INFO CommandSettings] Flag 'disableupdate': 'False'
[2025-07-20 19:01:48Z INFO CommandSettings] Flag 'ephemeral': 'False'
[2025-07-20 19:01:48Z INFO ConfigurationStore] Saving OAuth credential @ /home/user/Youtube-Comments-Sentiment-Analysis/actions-runner/.credentials
[2025-07-20 19:01:48Z INFO ConfigurationStore] Credentials Saved.
[2025-07-20 19:01:48Z INFO ConfigurationStore] HasCredentials()
[2025-07-20 19:01:48Z INFO ConfigurationStore] stored True
[2025-07-20 19:01:48Z INFO CredentialManager] GetCredentialProvider
[2025-07-20 19:01:48Z INFO CredentialManager] Creating type OAuth
[2025-07-20 19:01:48Z INFO CredentialManager] Creating credential type: OAuth
[2025-07-20 19:01:48Z INFO RSAFileKeyManager] Loading RSA key parameters from file /home/user/Youtube-Comments-Sentiment-Analysis/actions-runner/.credentials_rsaparams
[2025-07-20 19:01:48Z INFO RunnerServer] EstablishVssConnection
[2025-07-20 19:01:48Z INFO RunnerServer] Establish connection with 100 seconds timeout.
[2025-07-20 19:01:48Z INFO GitHubActionsService] Starting operation Location.GetConnectionData
[2025-07-20 19:01:48Z INFO RunnerServer] EstablishVssConnection
[2025-07-20 19:01:48Z INFO RunnerServer] Establish connection with 60 seconds timeout.
[2025-07-20 19:01:48Z INFO GitHubActionsService] Starting operation Location.GetConnectionData
[2025-07-20 19:01:48Z INFO RunnerServer] EstablishVssConnection
[2025-07-20 19:01:48Z INFO RunnerServer] Establish connection with 60 seconds timeout.
[2025-07-20 19:01:48Z INFO GitHubActionsService] Starting operation Location.GetConnectionData
[2025-07-20 19:01:49Z INFO GitHubActionsService] Finished operation Location.GetConnectionData
[2025-07-20 19:01:49Z INFO GitHubActionsService] Finished operation Location.GetConnectionData
[2025-07-20 19:01:49Z INFO GitHubActionsService] Finished operation Location.GetConnectionData
[2025-07-20 19:01:49Z INFO RSAFileKeyManager] Loading RSA key parameters from file /home/user/Youtube-Comments-Sentiment-Analysis/actions-runner/.credentials_rsaparams
[2025-07-20 19:01:49Z INFO RSAFileKeyManager] Loading RSA key parameters from file /home/user/Youtube-Comments-Sentiment-Analysis/actions-runner/.credentials_rsaparams
[2025-07-20 19:01:49Z INFO GitHubActionsService] AAD Correlation ID for this token request: Unknown
[2025-07-20 19:01:50Z INFO ConfigurationManager] Service enforced serverUrlV2: https://broker.actions.githubusercontent.com/
[2025-07-20 19:01:50Z INFO ConfigurationManager] Service enforced useV2Flow: True
[2025-07-20 19:01:50Z INFO CommandSettings] Arg 'work': ''
[2025-07-20 19:01:50Z INFO CommandSettings] Flag 'unattended': 'False'
[2025-07-20 19:01:50Z INFO PromptManager] ReadValue
[2025-07-20 19:01:50Z INFO Terminal] WRITE: Enter name of work folder: 
[2025-07-20 19:01:50Z INFO Terminal] WRITE: [press Enter for _work] 
[2025-07-20 19:01:50Z INFO Terminal] READ LINE
[2025-07-20 19:01:51Z INFO Terminal] Read value: ''
[2025-07-20 19:01:51Z INFO PromptManager] Falling back to the default: '_work'
[2025-07-20 19:01:51Z INFO ConfigurationStore] Saving runner settings.
[2025-07-20 19:01:51Z INFO ConfigurationStore] Settings Saved.
[2025-07-20 19:01:51Z INFO Terminal] WRITE LINE: 
[2025-07-20 19:01:51Z INFO Terminal] WRITE LINE: 
[2025-07-20 19:01:51Z INFO SystemDControlManager] Service name 'actions.runner.spha-code-YouTube-Comments-Sentiment-Analysis.self-hosted.service' display name 'GitHub Actions Runner (spha-code-YouTube-Comments-Sentiment-Analysis.self-hosted)' will be used for service configuration.
[2025-07-20 19:01:51Z INFO HostContext] Well known directory 'Bin': '/home/user/Youtube-Comments-Sentiment-Analysis/actions-runner/bin'
[2025-07-20 19:01:51Z INFO HostContext] Well known directory 'Root': '/home/user/Youtube-Comments-Sentiment-Analysis/actions-runner'
[2025-07-20 19:01:51Z INFO HostContext] Well known directory 'Bin': '/home/user/Youtube-Comments-Sentiment-Analysis/actions-runner/bin'
[2025-07-20 19:01:51Z INFO HostContext] Well known directory 'Bin': '/home/user/Youtube-Comments-Sentiment-Analysis/actions-runner/bin'
[2025-07-20 19:01:51Z INFO HostContext] Well known directory 'Root': '/home/user/Youtube-Comments-Sentiment-Analysis/actions-runner'
[2025-07-20 19:01:51Z INFO UnixUtil] Which2: 'chmod'
[2025-07-20 19:01:51Z INFO UnixUtil] Location: '/usr/bin/chmod'
[2025-07-20 19:01:51Z INFO UnixUtil] Running /usr/bin/chmod 755 "/home/user/Youtube-Comments-Sentiment-Analysis/actions-runner/svc.sh"
[2025-07-20 19:01:51Z INFO ProcessInvokerWrapper] Starting process:
[2025-07-20 19:01:51Z INFO ProcessInvokerWrapper]   File name: '/usr/bin/chmod'
[2025-07-20 19:01:51Z INFO ProcessInvokerWrapper]   Arguments: '755 "/home/user/Youtube-Comments-Sentiment-Analysis/actions-runner/svc.sh"'
[2025-07-20 19:01:51Z INFO ProcessInvokerWrapper]   Working directory: '/home/user/Youtube-Comments-Sentiment-Analysis/actions-runner'
[2025-07-20 19:01:51Z INFO ProcessInvokerWrapper]   Require exit code zero: 'True'
[2025-07-20 19:01:51Z INFO ProcessInvokerWrapper]   Encoding web name:  ; code page: ''
[2025-07-20 19:01:51Z INFO ProcessInvokerWrapper]   Force kill process on cancellation: 'False'
[2025-07-20 19:01:51Z INFO ProcessInvokerWrapper]   Redirected STDIN: 'False'
[2025-07-20 19:01:51Z INFO ProcessInvokerWrapper]   Persist current code page: 'False'
[2025-07-20 19:01:51Z INFO ProcessInvokerWrapper]   Keep redirected STDIN open: 'False'
[2025-07-20 19:01:51Z INFO ProcessInvokerWrapper]   High priority process: 'False'
[2025-07-20 19:01:51Z INFO ProcessInvokerWrapper] Updated oom_score_adj to 500 for PID: 16596.
[2025-07-20 19:01:51Z INFO ProcessInvokerWrapper] Process started with process id 16596, waiting for process exit.
[2025-07-20 19:01:51Z INFO ProcessInvokerWrapper] STDOUT/STDERR stream read finished.
[2025-07-20 19:01:51Z INFO ProcessInvokerWrapper] STDOUT/STDERR stream read finished.
[2025-07-20 19:01:51Z INFO ProcessInvokerWrapper] Finished process 16596 with exit code 0, and elapsed time 00:00:00.0089619.
[2025-07-20 19:01:51Z INFO Listener] Runner execution has finished with return code 0
